Using pre-set license
Built from '2021.3/staging' branch; Version is '2021.3.16f1 (4016570cf34f) revision 4200023'; Using compiler version '192829333'; Build Type 'Release'
OS: 'Windows 11  (10.0.22621) 64bit Enterprise' Language: 'de' Physical Memory: 16301 MB
BatchMode: 1, IsHumanControllingUs: 0, StartBugReporterOnCrash: 0, Is64bit: 1, IsPro: 1

COMMAND LINE ARGUMENTS:
D:\Unity\Editor\2021.3.16f1\Editor\Unity.exe
-adb2
-batchMode
-noUpm
-name
AssetImportWorker0
-projectPath
C:/Users/Danie/Desktop/Git-Projects/MobileGame
-logFile
Logs/AssetImportWorker0.log
-srvPort
63243
Successfully changed project path to: C:/Users/Danie/Desktop/Git-Projects/MobileGame
C:/Users/Danie/Desktop/Git-Projects/MobileGame
[UnityMemory] Configuration Parameters - Can be set up in boot.config
    "memorysetup-bucket-allocator-granularity=16"
    "memorysetup-bucket-allocator-bucket-count=8"
    "memorysetup-bucket-allocator-block-size=33554432"
    "memorysetup-bucket-allocator-block-count=8"
    "memorysetup-main-allocator-block-size=16777216"
    "memorysetup-thread-allocator-block-size=16777216"
    "memorysetup-gfx-main-allocator-block-size=16777216"
    "memorysetup-gfx-thread-allocator-block-size=16777216"
    "memorysetup-cache-allocator-block-size=4194304"
    "memorysetup-typetree-allocator-block-size=2097152"
    "memorysetup-profiler-bucket-allocator-granularity=16"
    "memorysetup-profiler-bucket-allocator-bucket-count=8"
    "memorysetup-profiler-bucket-allocator-block-size=33554432"
    "memorysetup-profiler-bucket-allocator-block-count=8"
    "memorysetup-profiler-allocator-block-size=16777216"
    "memorysetup-profiler-editor-allocator-block-size=1048576"
    "memorysetup-temp-allocator-size-main=16777216"
    "memorysetup-job-temp-allocator-block-size=2097152"
    "memorysetup-job-temp-allocator-block-size-background=1048576"
    "memorysetup-job-temp-allocator-reduction-small-platforms=262144"
    "memorysetup-temp-allocator-size-background-worker=32768"
    "memorysetup-temp-allocator-size-job-worker=262144"
    "memorysetup-temp-allocator-size-preload-manager=33554432"
    "memorysetup-temp-allocator-size-nav-mesh-worker=65536"
    "memorysetup-temp-allocator-size-audio-worker=65536"
    "memorysetup-temp-allocator-size-cloud-worker=32768"
    "memorysetup-temp-allocator-size-gi-baking-worker=262144"
    "memorysetup-temp-allocator-size-gfx=262144"
Player connection [27868] Host "[IP] 192.168.178.20 [Port] 0 [Flags] 2 [Guid] 3845106092 [EditorId] 3845106092 [Version] 1048832 [Id] WindowsEditor(7,DESKTOP-B8JEVNI) [Debug] 1 [PackageName] WindowsEditor [ProjectName] Editor" joined multi-casting on [225.0.0.222:54997]...

Player connection [27868] Host "[IP] 192.168.178.20 [Port] 0 [Flags] 2 [Guid] 3845106092 [EditorId] 3845106092 [Version] 1048832 [Id] WindowsEditor(7,DESKTOP-B8JEVNI) [Debug] 1 [PackageName] WindowsEditor [ProjectName] Editor" joined alternative multi-casting on [225.0.0.222:34997]...

Refreshing native plugins compatible for Editor in 96.03 ms, found 4 plugins.
Preloading 0 native plugins for Editor in 0.00 ms.
Initialize engine version: 2021.3.16f1 (4016570cf34f)
[Subsystems] Discovering subsystems at path D:/Unity/Editor/2021.3.16f1/Editor/Data/Resources/UnitySubsystems
[Subsystems] Discovering subsystems at path C:/Users/Danie/Desktop/Git-Projects/MobileGame/Assets
GfxDevice: creating device client; threaded=0; jobified=0
Direct3D:
    Version:  Direct3D 11.0 [level 11.1]
    Renderer: NVIDIA GeForce RTX 3070 (ID=0x2488)
    Vendor:   NVIDIA
    VRAM:     8032 MB
    Driver:   31.0.15.2802
Initialize mono
Mono path[0] = 'D:/Unity/Editor/2021.3.16f1/Editor/Data/Managed'
Mono path[1] = 'D:/Unity/Editor/2021.3.16f1/Editor/Data/MonoBleedingEdge/lib/mono/unityjit-win32'
Mono config path = 'D:/Unity/Editor/2021.3.16f1/Editor/Data/MonoBleedingEdge/etc'
Using monoOptions --debugger-agent=transport=dt_socket,embedding=1,server=y,suspend=n,address=127.0.0.1:56972
Begin MonoManager ReloadAssembly
Registering precompiled unity dll's ...
Register platform support module: D:/Unity/Editor/2021.3.16f1/Editor/Data/PlaybackEngines/WebGLSupport/UnityEditor.WebGL.Extensions.dll
Register platform support module: D:/Unity/Editor/2021.3.16f1/Editor/Data/PlaybackEngines/AndroidPlayer/UnityEditor.Android.Extensions.dll
Register platform support module: D:/Unity/Editor/2021.3.16f1/Editor/Data/PlaybackEngines/iOSSupport/UnityEditor.iOS.Extensions.dll
Register platform support module: D:/Unity/Editor/2021.3.16f1/Editor/Data/PlaybackEngines/WindowsStandaloneSupport/UnityEditor.WindowsStandalone.Extensions.dll
Registered in 0.002283 seconds.
Native extension for WindowsStandalone target not found
[usbmuxd] Start listen thread
[usbmuxd] Listen thread started
Native extension for iOS target not found
Native extension for Android target not found
Native extension for WebGL target not found
Refreshing native plugins compatible for Editor in 110.87 ms, found 4 plugins.
Preloading 0 native plugins for Editor in 0.00 ms.
Mono: successfully reloaded assembly
- Completed reload, in  0.674 seconds
Domain Reload Profiling:
	ReloadAssembly (675ms)
		BeginReloadAssembly (69ms)
			ExecutionOrderSort (0ms)
			DisableScriptedObjects (0ms)
			BackupInstance (0ms)
			ReleaseScriptingObjects (0ms)
			CreateAndSetChildDomain (1ms)
		EndReloadAssembly (503ms)
			LoadAssemblies (69ms)
			RebuildTransferFunctionScriptingTraits (0ms)
			SetupTypeCache (120ms)
			ReleaseScriptCaches (0ms)
			RebuildScriptCaches (27ms)
			SetupLoadedEditorAssemblies (308ms)
				LogAssemblyErrors (0ms)
				InitializePlatformSupportModulesInManaged (62ms)
				SetLoadedEditorAssemblies (0ms)
				RefreshPlugins (111ms)
				BeforeProcessingInitializeOnLoad (1ms)
				ProcessInitializeOnLoadAttributes (89ms)
				ProcessInitializeOnLoadMethodAttributes (46ms)
				AfterProcessingInitializeOnLoad (0ms)
				EditorAssembliesLoaded (0ms)
			ExecutionOrderSort2 (0ms)
			AwakeInstancesAfterBackupRestoration (0ms)
Platform modules already initialized, skipping
Registering precompiled user dll's ...
Registered in 0.006432 seconds.
Begin MonoManager ReloadAssembly
Symbol file LoadedFromMemory doesn't match image C:\Users\Danie\Desktop\Git-Projects\MobileGame\Library\PackageCache\com.unity.visualscripting@1.7.8\Editor\VisualScripting.Core\Dependencies\YamlDotNet\Unity.VisualScripting.YamlDotNet.dll
Symbol file LoadedFromMemory doesn't match image C:\Users\Danie\Desktop\Git-Projects\MobileGame\Library\PackageCache\com.unity.visualscripting@1.7.8\Editor\VisualScripting.Core\Dependencies\DotNetZip\Unity.VisualScripting.IonicZip.dll
Native extension for WindowsStandalone target not found
Native extension for iOS target not found
Native extension for Android target not found
Native extension for WebGL target not found
Refreshing native plugins compatible for Editor in 94.57 ms, found 4 plugins.
Preloading 0 native plugins for Editor in 0.00 ms.
Mono: successfully reloaded assembly
Package Manager log level set to [2]
- Completed reload, in  1.287 seconds
Domain Reload Profiling:
	ReloadAssembly (1288ms)
		BeginReloadAssembly (241ms)
			ExecutionOrderSort (0ms)
			DisableScriptedObjects (6ms)
			BackupInstance (0ms)
			ReleaseScriptingObjects (0ms)
			CreateAndSetChildDomain (134ms)
		EndReloadAssembly (948ms)
			LoadAssemblies (77ms)
			RebuildTransferFunctionScriptingTraits (0ms)
			SetupTypeCache (276ms)
			ReleaseScriptCaches (1ms)
			RebuildScriptCaches (58ms)
			SetupLoadedEditorAssemblies (485ms)
				LogAssemblyErrors (0ms)
				InitializePlatformSupportModulesInManaged (19ms)
				SetLoadedEditorAssemblies (0ms)
				RefreshPlugins (95ms)
				BeforeProcessingInitializeOnLoad (96ms)
				ProcessInitializeOnLoadAttributes (233ms)
				ProcessInitializeOnLoadMethodAttributes (41ms)
				AfterProcessingInitializeOnLoad (2ms)
				EditorAssembliesLoaded (0ms)
			ExecutionOrderSort2 (0ms)
			AwakeInstancesAfterBackupRestoration (5ms)
Platform modules already initialized, skipping
========================================================================
Worker process is ready to serve import requests
Launched and connected shader compiler UnityShaderCompiler.exe after 0.04 seconds
Refreshing native plugins compatible for Editor in 0.71 ms, found 4 plugins.
Preloading 0 native plugins for Editor in 0.00 ms.
Unloading 4340 Unused Serialized files (Serialized files now loaded: 0)
Unloading 53 unused Assets / (56.7 KB). Loaded Objects now: 4787.
Memory consumption went from 162.6 MB to 162.6 MB.
Total: 3.508100 ms (FindLiveObjects: 0.335700 ms CreateObjectMapping: 0.235700 ms MarkObjects: 2.862600 ms  DeleteObjects: 0.073200 ms)

AssetImportParameters requested are different than current active one (requested -> active):
  custom:video-decoder-ogg-theora: a1e56fd34408186e4bbccfd4996cb3dc -> 
  custom:container-muxer-webm: aa71ff27fc2769a1b78a27578f13a17b -> 
  custom:container-demuxer-webm: 4f35f7cbe854078d1ac9338744f61a02 -> 
  custom:video-encoder-webm-vp8: eb34c28f22e8b96e1ab97ce403110664 -> 
  custom:video-codec-MediaFoundation-h265: 746d11721c4dcdbdad8f713fa42b33f4 -> 
  custom:audio-encoder-webm-vorbis: bf7c407c2cedff20999df2af8eb42d56 -> 
  custom:framework-win-MediaFoundation: 216162199b28c13a410421893ffa2e32 -> 
  custom:container-demuxer-ogg: 62fdf1f143b41e24485cea50d1cbac27 -> 
  custom:video-decoder-webm-vp8: 9c59270c3fd7afecdb556c50c9e8de78 -> 
  custom:audio-decoder-ogg-vorbis: bf7c407c2cedff20999df2af8eb42d56 -> 
========================================================================
Received Import Request.
  Time since last request: 513099.978890 seconds.
  path: Assets/Square.prefab
  artifactKey: Guid(1561324a1445d344bbd31af7d4d3b35b) Importer(815301076,1909f56bfc062723c751e8b465ee728b)
Start importing Assets/Square.prefab using Guid(1561324a1445d344bbd31af7d4d3b35b) Importer(815301076,1909f56bfc062723c751e8b465ee728b)  -> (artifact id: '1a0be1dcd165902fcb362ed98c7d885b') in 0.118600 seconds 
========================================================================
Received Import Request.
  Time since last request: 6.448149 seconds.
  path: Assets/Square.prefab
  artifactKey: Guid(1561324a1445d344bbd31af7d4d3b35b) Importer(815301076,1909f56bfc062723c751e8b465ee728b)
Start importing Assets/Square.prefab using Guid(1561324a1445d344bbd31af7d4d3b35b) Importer(815301076,1909f56bfc062723c751e8b465ee728b)  -> (artifact id: '9ebb2cc48982d1659061530bf770069e') in 0.009988 seconds 
========================================================================
Received Import Request.
  Time since last request: 0.983241 seconds.
  path: Assets/Square.prefab
  artifactKey: Guid(1561324a1445d344bbd31af7d4d3b35b) Importer(815301076,1909f56bfc062723c751e8b465ee728b)
Start importing Assets/Square.prefab using Guid(1561324a1445d344bbd31af7d4d3b35b) Importer(815301076,1909f56bfc062723c751e8b465ee728b)  -> (artifact id: '3e84b8272c6cd617066c4ae653dd9303') in 0.009351 seconds 
========================================================================
Received Import Request.
  Time since last request: 16.805989 seconds.
  path: Assets/Images/Player/Materials/player.mat
  artifactKey: Guid(7bad7e94450085b4ea3d732851cda355) Importer(815301076,1909f56bfc062723c751e8b465ee728b)
Start importing Assets/Images/Player/Materials/player.mat using Guid(7bad7e94450085b4ea3d732851cda355) Importer(815301076,1909f56bfc062723c751e8b465ee728b)  -> (artifact id: 'b670628a13c36c1e2adfca4cb3afc3f9') in 0.061600 seconds 
========================================================================
Received Import Request.
  Time since last request: 74.334874 seconds.
  path: Assets/Prefabs/Square Variant.prefab
  artifactKey: Guid(bb92c64ec4c37af4eb2723d3b5c90184) Importer(815301076,1909f56bfc062723c751e8b465ee728b)
Start importing Assets/Prefabs/Square Variant.prefab using Guid(bb92c64ec4c37af4eb2723d3b5c90184) Importer(815301076,1909f56bfc062723c751e8b465ee728b)  -> (artifact id: '4495c3f2369cd91324cd273a2c1e3c0b') in 0.009498 seconds 
========================================================================
Received Import Request.
  Time since last request: 76.353358 seconds.
  path: Assets/Prefabs/BrickWall
  artifactKey: Guid(907b2a46e3dd72140b220a6424bc2799) Importer(815301076,1909f56bfc062723c751e8b465ee728b)
Start importing Assets/Prefabs/BrickWall using Guid(907b2a46e3dd72140b220a6424bc2799) Importer(815301076,1909f56bfc062723c751e8b465ee728b)  -> (artifact id: '8edb078995814d720aad84319254e1bf') in 0.005069 seconds 
========================================================================
Received Import Request.
  Time since last request: 10.389371 seconds.
  path: Assets/Prefabs/BrickWall/68744936-pixel-art-brick-wall-texture-with-old-and-cracked-bricks.webp
  artifactKey: Guid(382c2ec11598e4c48a2571fae9fcdc19) Importer(815301076,1909f56bfc062723c751e8b465ee728b)
Start importing Assets/Prefabs/BrickWall/68744936-pixel-art-brick-wall-texture-with-old-and-cracked-bricks.webp using Guid(382c2ec11598e4c48a2571fae9fcdc19) Importer(815301076,1909f56bfc062723c751e8b465ee728b)  -> (artifact id: 'fe041409869bb424a22f49a6969ba150') in 0.008237 seconds 
========================================================================
Received Import Request.
  Time since last request: 26.436336 seconds.
  path: Assets/Prefabs/BrickWall/gregory-ligman-brickwall.jpg
  artifactKey: Guid(56daacc91ed9bf3458d2abb8b33e80ee) Importer(815301076,1909f56bfc062723c751e8b465ee728b)
Start importing Assets/Prefabs/BrickWall/gregory-ligman-brickwall.jpg using Guid(56daacc91ed9bf3458d2abb8b33e80ee) Importer(815301076,1909f56bfc062723c751e8b465ee728b)  -> (artifact id: '185ebb714abd0d14b71cd8c4621eac3a') in 0.092828 seconds 
========================================================================
Received Import Request.
  Time since last request: 6.838538 seconds.
  path: Assets/Prefabs/BrickWall/Brick.jpg
  artifactKey: Guid(56daacc91ed9bf3458d2abb8b33e80ee) Importer(815301076,1909f56bfc062723c751e8b465ee728b)
Start importing Assets/Prefabs/BrickWall/Brick.jpg using Guid(56daacc91ed9bf3458d2abb8b33e80ee) Importer(815301076,1909f56bfc062723c751e8b465ee728b)  -> (artifact id: 'c521e88b25925af6ccebcfac4fe5feea') in 0.060671 seconds 
========================================================================
Received Import Request.
  Time since last request: 16.853493 seconds.
  path: Assets/Prefabs/BrickWall/Brick.prefab
  artifactKey: Guid(e4700323d063c1e4e9f4ec64a9299ac6) Importer(815301076,1909f56bfc062723c751e8b465ee728b)
Start importing Assets/Prefabs/BrickWall/Brick.prefab using Guid(e4700323d063c1e4e9f4ec64a9299ac6) Importer(815301076,1909f56bfc062723c751e8b465ee728b)  -> (artifact id: '9a8c0009db98dc10185d675414c36f52') in 0.015009 seconds 
========================================================================
Received Import Request.
  Time since last request: 13.540192 seconds.
  path: Assets/Prefabs/BrickWall/Brick.jpg
  artifactKey: Guid(56daacc91ed9bf3458d2abb8b33e80ee) Importer(815301076,1909f56bfc062723c751e8b465ee728b)
Start importing Assets/Prefabs/BrickWall/Brick.jpg using Guid(56daacc91ed9bf3458d2abb8b33e80ee) Importer(815301076,1909f56bfc062723c751e8b465ee728b)  -> (artifact id: '30a3044d91e648205ac7055e459c4f40') in 0.073338 seconds 
========================================================================
Received Import Request.
  Time since last request: 71.501119 seconds.
  path: Assets/Prefabs/BrickWall/Brick.prefab
  artifactKey: Guid(e4700323d063c1e4e9f4ec64a9299ac6) Importer(815301076,1909f56bfc062723c751e8b465ee728b)
Start importing Assets/Prefabs/BrickWall/Brick.prefab using Guid(e4700323d063c1e4e9f4ec64a9299ac6) Importer(815301076,1909f56bfc062723c751e8b465ee728b)  -> (artifact id: '65114e8f750d5c9d44bfbe85f6bbb897') in 0.012550 seconds 
========================================================================
Received Import Request.
  Time since last request: 1376.660797 seconds.
  path: Assets/Scenes/Map.unity
  artifactKey: Guid(0c09a832931c2804d8d5a802c2621726) Importer(815301076,1909f56bfc062723c751e8b465ee728b)
Start importing Assets/Scenes/Map.unity using Guid(0c09a832931c2804d8d5a802c2621726) Importer(815301076,1909f56bfc062723c751e8b465ee728b)  -> (artifact id: 'cc3301b0a4929f6515e9aec49c8f982f') in 0.005705 seconds 
